2018-07-25 16:25:42.622  INFO 21160 --- [main] com.walmart.app.WebApplication           : Starting WebApplication on DuongTruong-986043 with PID 21160 (started by Duong Truong in C:\My Coding\ReplenisherTaskList)
2018-07-25 16:25:42.628  INFO 21160 --- [main] com.walmart.app.WebApplication           : No active profile set, falling back to default profiles: default
2018-07-25 16:25:42.744  INFO 21160 --- [main] ationConfigEmbeddedWebApplicationContext : Refreshing org.springframework.boot.context.embedded.AnnotationConfigEmbeddedWebApplicationContext@78b66d36: startup date [Wed Jul 25 16:25:42 EDT 2018]; root of context hierarchy
2018-07-25 16:25:44.964  INFO 21160 --- [main] trationDelegate$BeanPostProcessorChecker : Bean 'org.springframework.transaction.annotation.ProxyTransactionManagementConfiguration' of type [class org.springframework.transaction.annotation.ProxyTransactionManagementConfiguration$$EnhancerBySpringCGLIB$$d3e9552f] is not eligible for getting processed by all BeanPostProcessors (for example: not eligible for auto-proxying)
2018-07-25 16:25:45.465  INFO 21160 --- [main] s.b.c.e.t.TomcatEmbeddedServletContainer : Tomcat initialized with port(s): 8090 (http)
2018-07-25 16:25:45.476  INFO 21160 --- [main] o.apache.catalina.core.StandardService   : Starting service Tomcat
2018-07-25 16:25:45.477  INFO 21160 --- [main] org.apache.catalina.core.StandardEngine  : Starting Servlet Engine: Apache Tomcat/8.0.33
2018-07-25 16:25:45.872  INFO 21160 --- [localhost-startStop-1] org.apache.jasper.servlet.TldScanner     : At least one JAR was scanned for TLDs yet contained no TLDs. Enable debug logging for this logger for a complete list of JARs that were scanned but no TLDs were found in them. Skipping unneeded JARs during scanning can improve startup time and JSP compilation time.
2018-07-25 16:25:45.880  INFO 21160 --- [localhost-startStop-1] o.a.c.c.C.[Tomcat].[localhost].[/]       : Initializing Spring embedded WebApplicationContext
2018-07-25 16:25:45.881  INFO 21160 --- [localhost-startStop-1] o.s.web.context.ContextLoader            : Root WebApplicationContext: initialization completed in 3144 ms
2018-07-25 16:25:46.316  INFO 21160 --- [localhost-startStop-1] o.s.b.c.embedded.FilterRegistrationBean  : Mapping filter: 'characterEncodingFilter' to: [/*]
2018-07-25 16:25:46.317  INFO 21160 --- [localhost-startStop-1] o.s.b.c.embedded.FilterRegistrationBean  : Mapping filter: 'hiddenHttpMethodFilter' to: [/*]
2018-07-25 16:25:46.318  INFO 21160 --- [localhost-startStop-1] o.s.b.c.embedded.FilterRegistrationBean  : Mapping filter: 'httpPutFormContentFilter' to: [/*]
2018-07-25 16:25:46.318  INFO 21160 --- [localhost-startStop-1] o.s.b.c.embedded.FilterRegistrationBean  : Mapping filter: 'requestContextFilter' to: [/*]
2018-07-25 16:25:46.320  INFO 21160 --- [localhost-startStop-1] .e.DelegatingFilterProxyRegistrationBean : Mapping filter: 'springSecurityFilterChain' to: [/*]
2018-07-25 16:25:46.320  INFO 21160 --- [localhost-startStop-1] o.s.b.c.e.ServletRegistrationBean        : Mapping servlet: 'dispatcherServlet' to [/]
2018-07-25 16:25:46.763  INFO 21160 --- [localhost-startStop-1] j.LocalContainerEntityManagerFactoryBean : Building JPA container EntityManagerFactory for persistence unit 'default'
2018-07-25 16:25:46.770  INFO 21160 --- [localhost-startStop-1] o.hibernate.jpa.internal.util.LogHelper  : HHH000204: Processing PersistenceUnitInfo [
	name: default
	...]
2018-07-25 16:25:46.882  INFO 21160 --- [localhost-startStop-1] org.hibernate.Version                    : HHH000412: Hibernate Core {4.3.11.Final}
2018-07-25 16:25:46.886  INFO 21160 --- [localhost-startStop-1] org.hibernate.cfg.Environment            : HHH000206: hibernate.properties not found
2018-07-25 16:25:46.887  INFO 21160 --- [localhost-startStop-1] org.hibernate.cfg.Environment            : HHH000021: Bytecode provider name : javassist
2018-07-25 16:25:47.137  INFO 21160 --- [localhost-startStop-1] o.hibernate.annotations.common.Version   : HCANN000001: Hibernate Commons Annotations {4.0.5.Final}
2018-07-25 16:25:47.444  INFO 21160 --- [localhost-startStop-1] org.hibernate.dialect.Dialect            : HHH000400: Using dialect: org.hibernate.dialect.MySQLDialect
2018-07-25 16:25:47.570  INFO 21160 --- [localhost-startStop-1] o.h.h.i.ast.ASTQueryTranslatorFactory    : HHH000397: Using ASTQueryTranslatorFactory
2018-07-25 16:25:48.714  INFO 21160 --- [localhost-startStop-1] o.s.s.web.DefaultSecurityFilterChain     : Creating filter chain: org.springframework.security.web.util.matcher.AnyRequestMatcher@1, [org.springframework.security.web.context.request.async.WebAsyncManagerIntegrationFilter@6a99956f, org.springframework.security.web.context.SecurityContextPersistenceFilter@7c0340e5, org.springframework.security.web.header.HeaderWriterFilter@3febc864, org.springframework.security.web.csrf.CsrfFilter@4162f7d4, org.springframework.security.web.authentication.logout.LogoutFilter@33d37a47, org.springframework.security.web.authentication.UsernamePasswordAuthenticationFilter@7b1d271c, org.springframework.security.web.savedrequest.RequestCacheAwareFilter@5ec31736, org.springframework.security.web.servletapi.SecurityContextHolderAwareRequestFilter@17776915, org.springframework.security.web.authentication.AnonymousAuthenticationFilter@43c4885d, org.springframework.security.web.session.SessionManagementFilter@6a2f2e40, org.springframework.security.web.access.ExceptionTranslationFilter@38b0f28f, org.springframework.security.web.access.intercept.FilterSecurityInterceptor@2c80e960]
2018-07-25 16:25:48.948  INFO 21160 --- [main] s.w.s.m.m.a.RequestMappingHandlerAdapter : Looking for @ControllerAdvice: org.springframework.boot.context.embedded.AnnotationConfigEmbeddedWebApplicationContext@78b66d36: startup date [Wed Jul 25 16:25:42 EDT 2018]; root of context hierarchy
2018-07-25 16:25:49.057  INFO 21160 --- [main] s.w.s.m.m.a.RequestMappingHandlerMapping : Mapped "{[/login],methods=[GET]}" onto public java.lang.String com.walmart.app.controller.UserController.login(org.springframework.ui.Model,java.lang.String,java.lang.String)
2018-07-25 16:25:49.060  INFO 21160 --- [main] s.w.s.m.m.a.RequestMappingHandlerMapping : Mapped "{[/registration],methods=[POST]}" onto public java.lang.String com.walmart.app.controller.UserController.registration(com.walmart.app.model.User,org.springframework.validation.BindingResult,org.springframework.ui.Model)
2018-07-25 16:25:49.061  INFO 21160 --- [main] s.w.s.m.m.a.RequestMappingHandlerMapping : Mapped "{[/registration],methods=[GET]}" onto public java.lang.String com.walmart.app.controller.UserController.registration(org.springframework.ui.Model)
2018-07-25 16:25:49.062  INFO 21160 --- [main] s.w.s.m.m.a.RequestMappingHandlerMapping : Mapped "{[/ || /welcome],methods=[GET]}" onto public java.lang.String com.walmart.app.controller.UserController.welcome(org.springframework.ui.Model)
2018-07-25 16:25:49.066  INFO 21160 --- [main] s.w.s.m.m.a.RequestMappingHandlerMapping : Mapped "{[/error]}" onto public org.springframework.http.ResponseEntity<java.util.Map<java.lang.String, java.lang.Object>> org.springframework.boot.autoconfigure.web.BasicErrorController.error(javax.servlet.http.HttpServletRequest)
2018-07-25 16:25:49.067  INFO 21160 --- [main] s.w.s.m.m.a.RequestMappingHandlerMapping : Mapped "{[/error],produces=[text/html]}" onto public org.springframework.web.servlet.ModelAndView org.springframework.boot.autoconfigure.web.BasicErrorController.errorHtml(javax.servlet.http.HttpServletRequest,javax.servlet.http.HttpServletResponse)
2018-07-25 16:25:49.102  INFO 21160 --- [main] o.s.w.s.handler.SimpleUrlHandlerMapping  : Mapped URL path [/webjars/**] onto handler of type [class org.springframework.web.servlet.resource.ResourceHttpRequestHandler]
2018-07-25 16:25:49.102  INFO 21160 --- [main] o.s.w.s.handler.SimpleUrlHandlerMapping  : Mapped URL path [/**] onto handler of type [class org.springframework.web.servlet.resource.ResourceHttpRequestHandler]
2018-07-25 16:25:49.136  INFO 21160 --- [main] o.s.w.s.handler.SimpleUrlHandlerMapping  : Mapped URL path [/**/favicon.ico] onto handler of type [class org.springframework.web.servlet.resource.ResourceHttpRequestHandler]
2018-07-25 16:25:49.444  INFO 21160 --- [main] s.b.c.e.t.TomcatEmbeddedServletContainer : Tomcat started on port(s): 8090 (http)
2018-07-25 16:25:49.450  INFO 21160 --- [main] com.walmart.app.WebApplication           : Started WebApplication in 7.258 seconds (JVM running for 8.465)
2018-07-25 16:26:02.061  INFO 21160 --- [http-nio-8090-exec-1] o.a.c.c.C.[Tomcat].[localhost].[/]       : Initializing Spring FrameworkServlet 'dispatcherServlet'
2018-07-25 16:26:02.062  INFO 21160 --- [http-nio-8090-exec-1] o.s.web.servlet.DispatcherServlet        : FrameworkServlet 'dispatcherServlet': initialization started
2018-07-25 16:26:02.082  INFO 21160 --- [http-nio-8090-exec-1] o.s.web.servlet.DispatcherServlet        : FrameworkServlet 'dispatcherServlet': initialization completed in 19 ms
2018-07-25 16:28:45.538  INFO 10804 --- [main] com.walmart.app.WebApplication           : Starting WebApplication on DuongTruong-986043 with PID 10804 (started by Duong Truong in C:\My Coding\ReplenisherTaskList)
2018-07-25 16:28:45.543  INFO 10804 --- [main] com.walmart.app.WebApplication           : No active profile set, falling back to default profiles: default
2018-07-25 16:28:45.627  INFO 10804 --- [main] ationConfigEmbeddedWebApplicationContext : Refreshing org.springframework.boot.context.embedded.AnnotationConfigEmbeddedWebApplicationContext@78b66d36: startup date [Wed Jul 25 16:28:45 EDT 2018]; root of context hierarchy
2018-07-25 16:28:47.471  INFO 10804 --- [main] trationDelegate$BeanPostProcessorChecker : Bean 'org.springframework.transaction.annotation.ProxyTransactionManagementConfiguration' of type [class org.springframework.transaction.annotation.ProxyTransactionManagementConfiguration$$EnhancerBySpringCGLIB$$d3e9552f] is not eligible for getting processed by all BeanPostProcessors (for example: not eligible for auto-proxying)
2018-07-25 16:28:47.840  INFO 10804 --- [main] s.b.c.e.t.TomcatEmbeddedServletContainer : Tomcat initialized with port(s): 8090 (http)
2018-07-25 16:28:47.851  INFO 10804 --- [main] o.apache.catalina.core.StandardService   : Starting service Tomcat
2018-07-25 16:28:47.852  INFO 10804 --- [main] org.apache.catalina.core.StandardEngine  : Starting Servlet Engine: Apache Tomcat/8.0.33
2018-07-25 16:28:48.254  INFO 10804 --- [localhost-startStop-1] org.apache.jasper.servlet.TldScanner     : At least one JAR was scanned for TLDs yet contained no TLDs. Enable debug logging for this logger for a complete list of JARs that were scanned but no TLDs were found in them. Skipping unneeded JARs during scanning can improve startup time and JSP compilation time.
2018-07-25 16:28:48.261  INFO 10804 --- [localhost-startStop-1] o.a.c.c.C.[Tomcat].[localhost].[/]       : Initializing Spring embedded WebApplicationContext
2018-07-25 16:28:48.261  INFO 10804 --- [localhost-startStop-1] o.s.web.context.ContextLoader            : Root WebApplicationContext: initialization completed in 2638 ms
2018-07-25 16:28:48.631  INFO 10804 --- [localhost-startStop-1] o.s.b.c.embedded.FilterRegistrationBean  : Mapping filter: 'characterEncodingFilter' to: [/*]
2018-07-25 16:28:48.631  INFO 10804 --- [localhost-startStop-1] o.s.b.c.embedded.FilterRegistrationBean  : Mapping filter: 'hiddenHttpMethodFilter' to: [/*]
2018-07-25 16:28:48.633  INFO 10804 --- [localhost-startStop-1] o.s.b.c.embedded.FilterRegistrationBean  : Mapping filter: 'httpPutFormContentFilter' to: [/*]
2018-07-25 16:28:48.633  INFO 10804 --- [localhost-startStop-1] o.s.b.c.embedded.FilterRegistrationBean  : Mapping filter: 'requestContextFilter' to: [/*]
2018-07-25 16:28:48.634  INFO 10804 --- [localhost-startStop-1] .e.DelegatingFilterProxyRegistrationBean : Mapping filter: 'springSecurityFilterChain' to: [/*]
2018-07-25 16:28:48.635  INFO 10804 --- [localhost-startStop-1] o.s.b.c.e.ServletRegistrationBean        : Mapping servlet: 'dispatcherServlet' to [/]
2018-07-25 16:28:49.134  INFO 10804 --- [localhost-startStop-1] j.LocalContainerEntityManagerFactoryBean : Building JPA container EntityManagerFactory for persistence unit 'default'
2018-07-25 16:28:49.141  INFO 10804 --- [localhost-startStop-1] o.hibernate.jpa.internal.util.LogHelper  : HHH000204: Processing PersistenceUnitInfo [
	name: default
	...]
2018-07-25 16:28:49.206  INFO 10804 --- [localhost-startStop-1] org.hibernate.Version                    : HHH000412: Hibernate Core {4.3.11.Final}
2018-07-25 16:28:49.208  INFO 10804 --- [localhost-startStop-1] org.hibernate.cfg.Environment            : HHH000206: hibernate.properties not found
2018-07-25 16:28:49.209  INFO 10804 --- [localhost-startStop-1] org.hibernate.cfg.Environment            : HHH000021: Bytecode provider name : javassist
2018-07-25 16:28:49.343  INFO 10804 --- [localhost-startStop-1] o.hibernate.annotations.common.Version   : HCANN000001: Hibernate Commons Annotations {4.0.5.Final}
2018-07-25 16:28:49.628  INFO 10804 --- [localhost-startStop-1] org.hibernate.dialect.Dialect            : HHH000400: Using dialect: org.hibernate.dialect.MySQLDialect
2018-07-25 16:28:49.750  INFO 10804 --- [localhost-startStop-1] o.h.h.i.ast.ASTQueryTranslatorFactory    : HHH000397: Using ASTQueryTranslatorFactory
2018-07-25 16:28:50.681  INFO 10804 --- [localhost-startStop-1] o.s.s.web.DefaultSecurityFilterChain     : Creating filter chain: org.springframework.security.web.util.matcher.AnyRequestMatcher@1, [org.springframework.security.web.context.request.async.WebAsyncManagerIntegrationFilter@1df92e99, org.springframework.security.web.context.SecurityContextPersistenceFilter@6eaf157c, org.springframework.security.web.header.HeaderWriterFilter@346c6685, org.springframework.security.web.csrf.CsrfFilter@4d822cb9, org.springframework.security.web.authentication.logout.LogoutFilter@1cbfb857, org.springframework.security.web.authentication.UsernamePasswordAuthenticationFilter@388814eb, org.springframework.security.web.savedrequest.RequestCacheAwareFilter@1dbc4123, org.springframework.security.web.servletapi.SecurityContextHolderAwareRequestFilter@214ea315, org.springframework.security.web.authentication.AnonymousAuthenticationFilter@4fbb2b47, org.springframework.security.web.session.SessionManagementFilter@5dbfab93, org.springframework.security.web.access.ExceptionTranslationFilter@382fb7b0, org.springframework.security.web.access.intercept.FilterSecurityInterceptor@71d00570]
2018-07-25 16:28:50.892  INFO 10804 --- [main] s.w.s.m.m.a.RequestMappingHandlerAdapter : Looking for @ControllerAdvice: org.springframework.boot.context.embedded.AnnotationConfigEmbeddedWebApplicationContext@78b66d36: startup date [Wed Jul 25 16:28:45 EDT 2018]; root of context hierarchy
2018-07-25 16:28:50.956  INFO 10804 --- [main] s.w.s.m.m.a.RequestMappingHandlerMapping : Mapped "{[/login],methods=[GET]}" onto public java.lang.String com.walmart.app.controller.UserController.login(org.springframework.ui.Model,java.lang.String,java.lang.String)
2018-07-25 16:28:50.958  INFO 10804 --- [main] s.w.s.m.m.a.RequestMappingHandlerMapping : Mapped "{[/ || /welcome],methods=[GET]}" onto public java.lang.String com.walmart.app.controller.UserController.welcome(org.springframework.ui.Model)
2018-07-25 16:28:50.960  INFO 10804 --- [main] s.w.s.m.m.a.RequestMappingHandlerMapping : Mapped "{[/registration],methods=[GET]}" onto public java.lang.String com.walmart.app.controller.UserController.registration(org.springframework.ui.Model)
2018-07-25 16:28:50.960  INFO 10804 --- [main] s.w.s.m.m.a.RequestMappingHandlerMapping : Mapped "{[/registration],methods=[POST]}" onto public java.lang.String com.walmart.app.controller.UserController.registration(com.walmart.app.model.User,org.springframework.validation.BindingResult,org.springframework.ui.Model)
2018-07-25 16:28:50.962  INFO 10804 --- [main] s.w.s.m.m.a.RequestMappingHandlerMapping : Mapped "{[/error]}" onto public org.springframework.http.ResponseEntity<java.util.Map<java.lang.String, java.lang.Object>> org.springframework.boot.autoconfigure.web.BasicErrorController.error(javax.servlet.http.HttpServletRequest)
2018-07-25 16:28:50.963  INFO 10804 --- [main] s.w.s.m.m.a.RequestMappingHandlerMapping : Mapped "{[/error],produces=[text/html]}" onto public org.springframework.web.servlet.ModelAndView org.springframework.boot.autoconfigure.web.BasicErrorController.errorHtml(javax.servlet.http.HttpServletRequest,javax.servlet.http.HttpServletResponse)
2018-07-25 16:28:50.993  INFO 10804 --- [main] o.s.w.s.handler.SimpleUrlHandlerMapping  : Mapped URL path [/webjars/**] onto handler of type [class org.springframework.web.servlet.resource.ResourceHttpRequestHandler]
2018-07-25 16:28:50.993  INFO 10804 --- [main] o.s.w.s.handler.SimpleUrlHandlerMapping  : Mapped URL path [/**] onto handler of type [class org.springframework.web.servlet.resource.ResourceHttpRequestHandler]
2018-07-25 16:28:51.024  INFO 10804 --- [main] o.s.w.s.handler.SimpleUrlHandlerMapping  : Mapped URL path [/**/favicon.ico] onto handler of type [class org.springframework.web.servlet.resource.ResourceHttpRequestHandler]
2018-07-25 16:28:51.246  INFO 10804 --- [main] s.b.c.e.t.TomcatEmbeddedServletContainer : Tomcat started on port(s): 8090 (http)
2018-07-25 16:28:51.251  INFO 10804 --- [main] com.walmart.app.WebApplication           : Started WebApplication in 6.117 seconds (JVM running for 7.148)
2018-07-25 16:29:16.482  INFO 10804 --- [http-nio-8090-exec-1] o.a.c.c.C.[Tomcat].[localhost].[/]       : Initializing Spring FrameworkServlet 'dispatcherServlet'
2018-07-25 16:29:16.483  INFO 10804 --- [http-nio-8090-exec-1] o.s.web.servlet.DispatcherServlet        : FrameworkServlet 'dispatcherServlet': initialization started
2018-07-25 16:29:16.501  INFO 10804 --- [http-nio-8090-exec-1] o.s.web.servlet.DispatcherServlet        : FrameworkServlet 'dispatcherServlet': initialization completed in 18 ms
2018-07-25 17:31:33.094  INFO 16816 --- [main] com.walmart.app.WebApplication           : Starting WebApplication on DuongTruong-986043 with PID 16816 (started by Duong Truong in C:\My Coding\ReplenisherTaskList)
2018-07-25 17:31:33.102  INFO 16816 --- [main] com.walmart.app.WebApplication           : No active profile set, falling back to default profiles: default
2018-07-25 17:31:33.160  INFO 16816 --- [main] ationConfigEmbeddedWebApplicationContext : Refreshing org.springframework.boot.context.embedded.AnnotationConfigEmbeddedWebApplicationContext@78b66d36: startup date [Wed Jul 25 17:31:33 EDT 2018]; root of context hierarchy
2018-07-25 17:31:34.709  INFO 16816 --- [main] trationDelegate$BeanPostProcessorChecker : Bean 'org.springframework.transaction.annotation.ProxyTransactionManagementConfiguration' of type [class org.springframework.transaction.annotation.ProxyTransactionManagementConfiguration$$EnhancerBySpringCGLIB$$d3e9552f] is not eligible for getting processed by all BeanPostProcessors (for example: not eligible for auto-proxying)
2018-07-25 17:31:35.140  INFO 16816 --- [main] s.b.c.e.t.TomcatEmbeddedServletContainer : Tomcat initialized with port(s): 8090 (http)
2018-07-25 17:31:35.151  INFO 16816 --- [main] o.apache.catalina.core.StandardService   : Starting service Tomcat
2018-07-25 17:31:35.153  INFO 16816 --- [main] org.apache.catalina.core.StandardEngine  : Starting Servlet Engine: Apache Tomcat/8.0.33
2018-07-25 17:31:36.024  INFO 16816 --- [localhost-startStop-1] org.apache.jasper.servlet.TldScanner     : At least one JAR was scanned for TLDs yet contained no TLDs. Enable debug logging for this logger for a complete list of JARs that were scanned but no TLDs were found in them. Skipping unneeded JARs during scanning can improve startup time and JSP compilation time.
2018-07-25 17:31:36.031  INFO 16816 --- [localhost-startStop-1] o.a.c.c.C.[Tomcat].[localhost].[/]       : Initializing Spring embedded WebApplicationContext
2018-07-25 17:31:36.031  INFO 16816 --- [localhost-startStop-1] o.s.web.context.ContextLoader            : Root WebApplicationContext: initialization completed in 2876 ms
2018-07-25 17:31:36.365  INFO 16816 --- [localhost-startStop-1] o.s.b.c.embedded.FilterRegistrationBean  : Mapping filter: 'characterEncodingFilter' to: [/*]
2018-07-25 17:31:36.366  INFO 16816 --- [localhost-startStop-1] o.s.b.c.embedded.FilterRegistrationBean  : Mapping filter: 'hiddenHttpMethodFilter' to: [/*]
2018-07-25 17:31:36.367  INFO 16816 --- [localhost-startStop-1] o.s.b.c.embedded.FilterRegistrationBean  : Mapping filter: 'httpPutFormContentFilter' to: [/*]
2018-07-25 17:31:36.367  INFO 16816 --- [localhost-startStop-1] o.s.b.c.embedded.FilterRegistrationBean  : Mapping filter: 'requestContextFilter' to: [/*]
2018-07-25 17:31:36.368  INFO 16816 --- [localhost-startStop-1] .e.DelegatingFilterProxyRegistrationBean : Mapping filter: 'springSecurityFilterChain' to: [/*]
2018-07-25 17:31:36.368  INFO 16816 --- [localhost-startStop-1] o.s.b.c.e.ServletRegistrationBean        : Mapping servlet: 'dispatcherServlet' to [/]
2018-07-25 17:31:36.788  INFO 16816 --- [localhost-startStop-1] j.LocalContainerEntityManagerFactoryBean : Building JPA container EntityManagerFactory for persistence unit 'default'
2018-07-25 17:31:36.796  INFO 16816 --- [localhost-startStop-1] o.hibernate.jpa.internal.util.LogHelper  : HHH000204: Processing PersistenceUnitInfo [
	name: default
	...]
2018-07-25 17:31:36.880  INFO 16816 --- [localhost-startStop-1] org.hibernate.Version                    : HHH000412: Hibernate Core {4.3.11.Final}
2018-07-25 17:31:36.883  INFO 16816 --- [localhost-startStop-1] org.hibernate.cfg.Environment            : HHH000206: hibernate.properties not found
2018-07-25 17:31:36.885  INFO 16816 --- [localhost-startStop-1] org.hibernate.cfg.Environment            : HHH000021: Bytecode provider name : javassist
2018-07-25 17:31:37.078  INFO 16816 --- [localhost-startStop-1] o.hibernate.annotations.common.Version   : HCANN000001: Hibernate Commons Annotations {4.0.5.Final}
2018-07-25 17:31:37.400  INFO 16816 --- [localhost-startStop-1] org.hibernate.dialect.Dialect            : HHH000400: Using dialect: org.hibernate.dialect.MySQLDialect
2018-07-25 17:31:37.621  INFO 16816 --- [localhost-startStop-1] o.h.h.i.ast.ASTQueryTranslatorFactory    : HHH000397: Using ASTQueryTranslatorFactory
2018-07-25 17:31:38.787  INFO 16816 --- [localhost-startStop-1] o.s.s.web.DefaultSecurityFilterChain     : Creating filter chain: org.springframework.security.web.util.matcher.AnyRequestMatcher@1, [org.springframework.security.web.context.request.async.WebAsyncManagerIntegrationFilter@3cbfbdec, org.springframework.security.web.context.SecurityContextPersistenceFilter@cd5c6f, org.springframework.security.web.header.HeaderWriterFilter@714aa863, org.springframework.security.web.csrf.CsrfFilter@5568cd92, org.springframework.security.web.authentication.logout.LogoutFilter@254baaa5, org.springframework.security.web.authentication.UsernamePasswordAuthenticationFilter@1900a17a, org.springframework.security.web.savedrequest.RequestCacheAwareFilter@c87aefa, org.springframework.security.web.servletapi.SecurityContextHolderAwareRequestFilter@5884279a, org.springframework.security.web.authentication.AnonymousAuthenticationFilter@609d0669, org.springframework.security.web.session.SessionManagementFilter@432318b6, org.springframework.security.web.access.ExceptionTranslationFilter@78b44a0a, org.springframework.security.web.access.intercept.FilterSecurityInterceptor@92af01e]
2018-07-25 17:31:39.014  INFO 16816 --- [main] s.w.s.m.m.a.RequestMappingHandlerAdapter : Looking for @ControllerAdvice: org.springframework.boot.context.embedded.AnnotationConfigEmbeddedWebApplicationContext@78b66d36: startup date [Wed Jul 25 17:31:33 EDT 2018]; root of context hierarchy
2018-07-25 17:31:39.091  INFO 16816 --- [main] s.w.s.m.m.a.RequestMappingHandlerMapping : Mapped "{[/login],methods=[GET]}" onto public java.lang.String com.walmart.app.controller.UserController.login(org.springframework.ui.Model,java.lang.String,java.lang.String)
2018-07-25 17:31:39.094  INFO 16816 --- [main] s.w.s.m.m.a.RequestMappingHandlerMapping : Mapped "{[/registration],methods=[POST]}" onto public java.lang.String com.walmart.app.controller.UserController.registration(com.walmart.app.model.User,org.springframework.validation.BindingResult,org.springframework.ui.Model)
2018-07-25 17:31:39.095  INFO 16816 --- [main] s.w.s.m.m.a.RequestMappingHandlerMapping : Mapped "{[/registration],methods=[GET]}" onto public java.lang.String com.walmart.app.controller.UserController.registration(org.springframework.ui.Model)
2018-07-25 17:31:39.095  INFO 16816 --- [main] s.w.s.m.m.a.RequestMappingHandlerMapping : Mapped "{[/ || /welcome],methods=[GET]}" onto public java.lang.String com.walmart.app.controller.UserController.welcome(org.springframework.ui.Model)
2018-07-25 17:31:39.098  INFO 16816 --- [main] s.w.s.m.m.a.RequestMappingHandlerMapping : Mapped "{[/error]}" onto public org.springframework.http.ResponseEntity<java.util.Map<java.lang.String, java.lang.Object>> org.springframework.boot.autoconfigure.web.BasicErrorController.error(javax.servlet.http.HttpServletRequest)
2018-07-25 17:31:39.098  INFO 16816 --- [main] s.w.s.m.m.a.RequestMappingHandlerMapping : Mapped "{[/error],produces=[text/html]}" onto public org.springframework.web.servlet.ModelAndView org.springframework.boot.autoconfigure.web.BasicErrorController.errorHtml(javax.servlet.http.HttpServletRequest,javax.servlet.http.HttpServletResponse)
2018-07-25 17:31:39.127  INFO 16816 --- [main] o.s.w.s.handler.SimpleUrlHandlerMapping  : Mapped URL path [/webjars/**] onto handler of type [class org.springframework.web.servlet.resource.ResourceHttpRequestHandler]
2018-07-25 17:31:39.127  INFO 16816 --- [main] o.s.w.s.handler.SimpleUrlHandlerMapping  : Mapped URL path [/**] onto handler of type [class org.springframework.web.servlet.resource.ResourceHttpRequestHandler]
2018-07-25 17:31:39.160  INFO 16816 --- [main] o.s.w.s.handler.SimpleUrlHandlerMapping  : Mapped URL path [/**/favicon.ico] onto handler of type [class org.springframework.web.servlet.resource.ResourceHttpRequestHandler]
2018-07-25 17:31:39.410  INFO 16816 --- [main] s.b.c.e.t.TomcatEmbeddedServletContainer : Tomcat started on port(s): 8090 (http)
2018-07-25 17:31:39.415  INFO 16816 --- [main] com.walmart.app.WebApplication           : Started WebApplication in 6.701 seconds (JVM running for 10.32)
2018-07-25 17:31:53.787  INFO 16816 --- [http-nio-8090-exec-1] o.a.c.c.C.[Tomcat].[localhost].[/]       : Initializing Spring FrameworkServlet 'dispatcherServlet'
2018-07-25 17:31:53.788  INFO 16816 --- [http-nio-8090-exec-1] o.s.web.servlet.DispatcherServlet        : FrameworkServlet 'dispatcherServlet': initialization started
2018-07-25 17:31:53.810  INFO 16816 --- [http-nio-8090-exec-1] o.s.web.servlet.DispatcherServlet        : FrameworkServlet 'dispatcherServlet': initialization completed in 22 ms
